# JRE version: OpenJDK Runtime Environment (8.0_76-b03) (build 1.8.0_76-release-b03)
# Java VM: OpenJDK 64-Bit Server VM (25.76-b03 mixed mode windows-amd64 compressed oops)
Heap:
 PSYoungGen      total 432128K, used 416361K [0x00000000e0000000, 0x0000000100000000, 0x0000000100000000)
  eden space 359424K, 100% used [0x00000000e0000000,0x00000000f5f00000,0x00000000f5f00000)
  from space 72704K, 78% used [0x00000000fb900000,0x00000000ff09a5e0,0x0000000100000000)
  to   space 82432K, 0% used [0x00000000f5f00000,0x00000000f5f00000,0x00000000faf80000)
 ParOldGen       total 355328K, used 146429K [0x00000000a0000000, 0x00000000b5b00000, 0x00000000e0000000)
  object space 355328K, 41% used [0x00000000a0000000,0x00000000a8eff7d0,0x00000000b5b00000)
 Metaspace       used 82927K, capacity 89356K, committed 90112K, reserved 1128448K
  class space    used 10340K, capacity 11063K, committed 11264K, reserved 1048576K
GC Heap History (10 events):
Event: 5217.309 GC heap before
{Heap before GC invocations=185 (full 23):
 PSYoungGen      total 440320K, used 402159K [0x00000000e0000000, 0x0000000100000000, 0x0000000100000000)
  eden space 367616K, 100% used [0x00000000e0000000,0x00000000f6700000,0x00000000f6700000)
  from space 72704K, 47% used [0x00000000f6700000,0x00000000f88bbe48,0x00000000fae00000)
  to   space 71168K, 0% used [0x00000000fba80000,0x00000000fba80000,0x0000000100000000)
 ParOldGen       total 355328K, used 72574K [0x00000000a0000000, 0x00000000b5b00000, 0x00000000e0000000)
  object space 355328K, 20% used [0x00000000a0000000,0x00000000a46dfaa8,0x00000000b5b00000)
 Metaspace       used 82295K, capacity 88644K, committed 89216K, reserved 1128448K
  class space    used 10247K, capacity 10957K, committed 11136K, reserved 1048576K
Event: 5217.337 GC heap after
Heap after GC invocations=185 (full 23):
 PSYoungGen      total 441856K, used 23685K [0x00000000e0000000, 0x00000000ff680000, 0x0000000100000000)
  eden space 380416K, 0% used [0x00000000e0000000,0x00000000e0000000,0x00000000f7380000)
  from space 61440K, 38% used [0x00000000fba80000,0x00000000fd1a1740,0x00000000ff680000)
  to   space 67072K, 0% used [0x00000000f7380000,0x00000000f7380000,0x00000000fb500000)
 ParOldGen       total 355328K, used 73598K [0x00000000a0000000, 0x00000000b5b00000, 0x00000000e0000000)
  object space 355328K, 20% used [0x00000000a0000000,0x00000000a47dfb98,0x00000000b5b00000)
 Metaspace       used 82295K, capacity 88644K, committed 89216K, reserved 1128448K
  class space    used 10247K, capacity 10957K, committed 11136K, reserved 1048576K
}
Event: 5220.131 GC heap before
{Heap before GC invocations=186 (full 23):
 PSYoungGen      total 441856K, used 403571K [0x00000000e0000000, 0x00000000ff680000, 0x0000000100000000)
  eden space 380416K, 99% used [0x00000000e0000000,0x00000000f72fb730,0x00000000f7380000)
  from space 61440K, 38% used [0x00000000fba80000,0x00000000fd1a1740,0x00000000ff680000)
  to   space 67072K, 0% used [0x00000000f7380000,0x00000000f7380000,0x00000000fb500000)
 ParOldGen       total 355328K, used 73598K [0x00000000a0000000, 0x00000000b5b00000, 0x00000000e0000000)
  object space 355328K, 20% used [0x00000000a0000000,0x00000000a47dfb98,0x00000000b5b00000)
 Metaspace       used 82309K, capacity 88644K, committed 89216K, reserved 1128448K
  class space    used 10247K, capacity 10957K, committed 11136K, reserved 1048576K
Event: 5220.143 GC heap after
Heap after GC invocations=186 (full 23):
 PSYoungGen      total 447488K, used 2432K [0x00000000e0000000, 0x0000000100000000, 0x0000000100000000)
  eden space 380416K, 0% used [0x00000000e0000000,0x00000000e0000000,0x00000000f7380000)
  from space 67072K, 3% used [0x00000000f7380000,0x00000000f75e0000,0x00000000fb500000)
  to   space 67584K, 0% used [0x00000000fbe00000,0x00000000fbe00000,0x0000000100000000)
 ParOldGen       total 355328K, used 77983K [0x00000000a0000000, 0x00000000b5b00000, 0x00000000e0000000)
  object space 355328K, 21% used [0x00000000a0000000,0x00000000a4c27d50,0x00000000b5b00000)
 Metaspace       used 82309K, capacity 88644K, committed 89216K, reserved 1128448K
  class space    used 10247K, capacity 10957K, committed 11136K, reserved 1048576K
}
Event: 5221.147 GC heap before
{Heap before GC invocations=187 (full 23):
 PSYoungGen      total 447488K, used 382848K [0x00000000e0000000, 0x0000000100000000, 0x0000000100000000)
  eden space 380416K, 100% used [0x00000000e0000000,0x00000000f7380000,0x00000000f7380000)
  from space 67072K, 3% used [0x00000000f7380000,0x00000000f75e0000,0x00000000fb500000)
  to   space 67584K, 0% used [0x00000000fbe00000,0x00000000fbe00000,0x0000000100000000)
 ParOldGen       total 355328K, used 77983K [0x00000000a0000000, 0x00000000b5b00000, 0x00000000e0000000)
  object space 355328K, 21% used [0x00000000a0000000,0x00000000a4c27d50,0x00000000b5b00000)
 Metaspace       used 82918K, capacity 89352K, committed 90112K, reserved 1128448K
  class space    used 10340K, capacity 11063K, committed 11264K, reserved 1048576K
Event: 5221.193 GC heap after
Heap after GC invocations=187 (full 23):
 PSYoungGen      total 456704K, used 35957K [0x00000000e0000000, 0x0000000100000000, 0x0000000100000000)
  eden space 389120K, 0% used [0x00000000e0000000,0x00000000e0000000,0x00000000f7c00000)
  from space 67584K, 53% used [0x00000000fbe00000,0x00000000fe11d5e0,0x0000000100000000)
  to   space 67584K, 0% used [0x00000000f7c00000,0x00000000f7c00000,0x00000000fbe00000)
 ParOldGen       total 355328K, used 79247K [0x00000000a0000000, 0x00000000b5b00000, 0x00000000e0000000)
  object space 355328K, 22% used [0x00000000a0000000,0x00000000a4d63d80,0x00000000b5b00000)
 Metaspace       used 82918K, capacity 89352K, committed 90112K, reserved 1128448K
  class space    used 10340K, capacity 11063K, committed 11264K, reserved 1048576K
}
Event: 5221.519 GC heap before
{Heap before GC invocations=188 (full 23):
 PSYoungGen      total 456704K, used 425077K [0x00000000e0000000, 0x0000000100000000, 0x0000000100000000)
  eden space 389120K, 100% used [0x00000000e0000000,0x00000000f7c00000,0x00000000f7c00000)
  from space 67584K, 53% used [0x00000000fbe00000,0x00000000fe11d5e0,0x0000000100000000)
  to   space 67584K, 0% used [0x00000000f7c00000,0x00000000f7c00000,0x00000000fbe00000)
 ParOldGen       total 355328K, used 79247K [0x00000000a0000000, 0x00000000b5b00000, 0x00000000e0000000)
  object space 355328K, 22% used [0x00000000a0000000,0x00000000a4d63d80,0x00000000b5b00000)
 Metaspace       used 82925K, capacity 89352K, committed 90112K, reserved 1128448K
  class space    used 10340K, capacity 11063K, committed 11264K, reserved 1048576K
Event: 5221.608 GC heap after
Heap after GC invocations=188 (full 23):
 PSYoungGen      total 451584K, used 62438K [0x00000000e0000000, 0x0000000100000000, 0x0000000100000000)
  eden space 389120K, 0% used [0x00000000e0000000,0x00000000e0000000,0x00000000f7c00000)
  from space 62464K, 99% used [0x00000000f7c00000,0x00000000fb8f9980,0x00000000fb900000)
  to   space 72704K, 0% used [0x00000000fb900000,0x00000000fb900000,0x0000000100000000)
 ParOldGen       total 355328K, used 98046K [0x00000000a0000000, 0x00000000b5b00000, 0x00000000e0000000)
  object space 355328K, 27% used [0x00000000a0000000,0x00000000a5fbfa08,0x00000000b5b00000)
 Metaspace       used 82925K, capacity 89352K, committed 90112K, reserved 1128448K
  class space    used 10340K, capacity 11063K, committed 11264K, reserved 1048576K
}
Event: 5221.915 GC heap before
{Heap before GC invocations=189 (full 23):
 PSYoungGen      total 451584K, used 451558K [0x00000000e0000000, 0x0000000100000000, 0x0000000100000000)
  eden space 389120K, 100% used [0x00000000e0000000,0x00000000f7c00000,0x00000000f7c00000)
  from space 62464K, 99% used [0x00000000f7c00000,0x00000000fb8f9980,0x00000000fb900000)
  to   space 72704K, 0% used [0x00000000fb900000,0x00000000fb900000,0x0000000100000000)
 ParOldGen       total 355328K, used 98046K [0x00000000a0000000, 0x00000000b5b00000, 0x00000000e0000000)
  object space 355328K, 27% used [0x00000000a0000000,0x00000000a5fbfa08,0x00000000b5b00000)
 Metaspace       used 82927K, capacity 89356K, committed 90112K, reserved 1128448K
  class space    used 10340K, capacity 11063K, committed 11264K, reserved 1048576K
Event: 5222.032 GC heap after
Heap after GC invocations=189 (full 23):
 PSYoungGen      total 432128K, used 56937K [0x00000000e0000000, 0x0000000100000000, 0x0000000100000000)
  eden space 359424K, 0% used [0x00000000e0000000,0x00000000e0000000,0x00000000f5f00000)
  from space 72704K, 78% used [0x00000000fb900000,0x00000000ff09a5e0,0x0000000100000000)
  to   space 82432K, 0% used [0x00000000f5f00000,0x00000000f5f00000,0x00000000faf80000)
 ParOldGen       total 355328K, used 146429K [0x00000000a0000000, 0x00000000b5b00000, 0x00000000e0000000)
  object space 355328K, 41% used [0x00000000a0000000,0x00000000a8eff7d0,0x00000000b5b00000)
 Metaspace       used 82927K, capacity 89356K, committed 90112K, reserved 1128448K
  class space    used 10340K, capacity 11063K, committed 11264K, reserved 1048576K
}

