# JRE version: OpenJDK Runtime Environment (8.0_76-b03) (build 1.8.0_76-release-b03)
# Java VM: OpenJDK 64-Bit Server VM (25.76-b03 mixed mode windows-amd64 compressed oops)
Heap:
 PSYoungGen      total 446464K, used 52465K [0x00000000e0000000, 0x0000000100000000, 0x0000000100000000)
  eden space 381952K, 0% used [0x00000000e0000000,0x00000000e0000000,0x00000000f7500000)
  from space 64512K, 81% used [0x00000000fc100000,0x00000000ff43c7f0,0x0000000100000000)
  to   space 71168K, 0% used [0x00000000f7500000,0x00000000f7500000,0x00000000fba80000)
 ParOldGen       total 207872K, used 197068K [0x00000000a0000000, 0x00000000acb00000, 0x00000000e0000000)
  object space 207872K, 94% used [0x00000000a0000000,0x00000000ac0733d8,0x00000000acb00000)
 Metaspace       used 70191K, capacity 72838K, committed 73136K, reserved 1112064K
  class space    used 9022K, capacity 9568K, committed 9648K, reserved 1048576K
GC Heap History (10 events):
Event: 448.672 GC heap after
Heap after GC invocations=22 (full 3):
 PSYoungGen      total 376832K, used 40423K [0x00000000e0000000, 0x0000000100000000, 0x0000000100000000)
  eden space 336384K, 0% used [0x00000000e0000000,0x00000000e0000000,0x00000000f4880000)
  from space 40448K, 99% used [0x00000000f4880000,0x00000000f6ff9f18,0x00000000f7000000)
  to   space 54784K, 0% used [0x00000000fca80000,0x00000000fca80000,0x0000000100000000)
 ParOldGen       total 100864K, used 100802K [0x00000000a0000000, 0x00000000a6280000, 0x00000000e0000000)
  object space 100864K, 99% used [0x00000000a0000000,0x00000000a6270a98,0x00000000a6280000)
 Metaspace       used 70016K, capacity 72754K, committed 72880K, reserved 1112064K
  class space    used 9026K, capacity 9578K, committed 9648K, reserved 1048576K
}
Event: 448.672 GC heap before
{Heap before GC invocations=23 (full 4):
 PSYoungGen      total 376832K, used 40423K [0x00000000e0000000, 0x0000000100000000, 0x0000000100000000)
  eden space 336384K, 0% used [0x00000000e0000000,0x00000000e0000000,0x00000000f4880000)
  from space 40448K, 99% used [0x00000000f4880000,0x00000000f6ff9f18,0x00000000f7000000)
  to   space 54784K, 0% used [0x00000000fca80000,0x00000000fca80000,0x0000000100000000)
 ParOldGen       total 100864K, used 100802K [0x00000000a0000000, 0x00000000a6280000, 0x00000000e0000000)
  object space 100864K, 99% used [0x00000000a0000000,0x00000000a6270a98,0x00000000a6280000)
 Metaspace       used 70016K, capacity 72754K, committed 72880K, reserved 1112064K
  class space    used 9026K, capacity 9578K, committed 9648K, reserved 1048576K
Event: 450.893 GC heap after
Heap after GC invocations=23 (full 4):
 PSYoungGen      total 376832K, used 20893K [0x00000000e0000000, 0x0000000100000000, 0x0000000100000000)
  eden space 336384K, 0% used [0x00000000e0000000,0x00000000e0000000,0x00000000f4880000)
  from space 40448K, 51% used [0x00000000f4880000,0x00000000f5ce76e8,0x00000000f7000000)
  to   space 54784K, 0% used [0x00000000fca80000,0x00000000fca80000,0x0000000100000000)
 ParOldGen       total 207872K, used 100671K [0x00000000a0000000, 0x00000000acb00000, 0x00000000e0000000)
  object space 207872K, 48% used [0x00000000a0000000,0x00000000a624ffc8,0x00000000acb00000)
 Metaspace       used 70000K, capacity 72710K, committed 72880K, reserved 1112064K
  class space    used 9021K, capacity 9568K, committed 9648K, reserved 1048576K
}
Event: 452.220 GC heap before
{Heap before GC invocations=24 (full 4):
 PSYoungGen      total 376832K, used 357277K [0x00000000e0000000, 0x0000000100000000, 0x0000000100000000)
  eden space 336384K, 100% used [0x00000000e0000000,0x00000000f4880000,0x00000000f4880000)
  from space 40448K, 51% used [0x00000000f4880000,0x00000000f5ce76e8,0x00000000f7000000)
  to   space 54784K, 0% used [0x00000000fca80000,0x00000000fca80000,0x0000000100000000)
 ParOldGen       total 207872K, used 100671K [0x00000000a0000000, 0x00000000acb00000, 0x00000000e0000000)
  object space 207872K, 48% used [0x00000000a0000000,0x00000000a624ffc8,0x00000000acb00000)
 Metaspace       used 70081K, capacity 72774K, committed 73136K, reserved 1112064K
  class space    used 9022K, capacity 9568K, committed 9648K, reserved 1048576K
Event: 452.486 GC heap after
Heap after GC invocations=24 (full 4):
 PSYoungGen      total 462336K, used 41174K [0x00000000e0000000, 0x0000000100000000, 0x0000000100000000)
  eden space 407552K, 0% used [0x00000000e0000000,0x00000000e0000000,0x00000000f8e00000)
  from space 54784K, 75% used [0x00000000fca80000,0x00000000ff2b5a00,0x0000000100000000)
  to   space 58368K, 0% used [0x00000000f8e00000,0x00000000f8e00000,0x00000000fc700000)
 ParOldGen       total 207872K, used 121709K [0x00000000a0000000, 0x00000000acb00000, 0x00000000e0000000)
  object space 207872K, 58% used [0x00000000a0000000,0x00000000a76db6f8,0x00000000acb00000)
 Metaspace       used 70081K, capacity 72774K, committed 73136K, reserved 1112064K
  class space    used 9022K, capacity 9568K, committed 9648K, reserved 1048576K
}
Event: 454.211 GC heap before
{Heap before GC invocations=25 (full 4):
 PSYoungGen      total 462336K, used 448726K [0x00000000e0000000, 0x0000000100000000, 0x0000000100000000)
  eden space 407552K, 100% used [0x00000000e0000000,0x00000000f8e00000,0x00000000f8e00000)
  from space 54784K, 75% used [0x00000000fca80000,0x00000000ff2b5a00,0x0000000100000000)
  to   space 58368K, 0% used [0x00000000f8e00000,0x00000000f8e00000,0x00000000fc700000)
 ParOldGen       total 207872K, used 121709K [0x00000000a0000000, 0x00000000acb00000, 0x00000000e0000000)
  object space 207872K, 58% used [0x00000000a0000000,0x00000000a76db6f8,0x00000000acb00000)
 Metaspace       used 70139K, capacity 72838K, committed 73136K, reserved 1112064K
  class space    used 9022K, capacity 9568K, committed 9648K, reserved 1048576K
Event: 454.412 GC heap after
Heap after GC invocations=25 (full 4):
 PSYoungGen      total 459776K, used 52095K [0x00000000e0000000, 0x0000000100000000, 0x0000000100000000)
  eden space 407552K, 0% used [0x00000000e0000000,0x00000000e0000000,0x00000000f8e00000)
  from space 52224K, 99% used [0x00000000f8e00000,0x00000000fc0dffe8,0x00000000fc100000)
  to   space 64512K, 0% used [0x00000000fc100000,0x00000000fc100000,0x0000000100000000)
 ParOldGen       total 207872K, used 152880K [0x00000000a0000000, 0x00000000acb00000, 0x00000000e0000000)
  object space 207872K, 73% used [0x00000000a0000000,0x00000000a954c380,0x00000000acb00000)
 Metaspace       used 70139K, capacity 72838K, committed 73136K, reserved 1112064K
  class space    used 9022K, capacity 9568K, committed 9648K, reserved 1048576K
}
Event: 457.358 GC heap before
{Heap before GC invocations=26 (full 4):
 PSYoungGen      total 459776K, used 459647K [0x00000000e0000000, 0x0000000100000000, 0x0000000100000000)
  eden space 407552K, 100% used [0x00000000e0000000,0x00000000f8e00000,0x00000000f8e00000)
  from space 52224K, 99% used [0x00000000f8e00000,0x00000000fc0dffe8,0x00000000fc100000)
  to   space 64512K, 0% used [0x00000000fc100000,0x00000000fc100000,0x0000000100000000)
 ParOldGen       total 207872K, used 152880K [0x00000000a0000000, 0x00000000acb00000, 0x00000000e0000000)
  object space 207872K, 73% used [0x00000000a0000000,0x00000000a954c380,0x00000000acb00000)
 Metaspace       used 70191K, capacity 72838K, committed 73136K, reserved 1112064K
  class space    used 9022K, capacity 9568K, committed 9648K, reserved 1048576K
Event: 457.707 GC heap after
Heap after GC invocations=26 (full 4):
 PSYoungGen      total 446464K, used 52465K [0x00000000e0000000, 0x0000000100000000, 0x0000000100000000)
  eden space 381952K, 0% used [0x00000000e0000000,0x00000000e0000000,0x00000000f7500000)
  from space 64512K, 81% used [0x00000000fc100000,0x00000000ff43c7f0,0x0000000100000000)
  to   space 71168K, 0% used [0x00000000f7500000,0x00000000f7500000,0x00000000fba80000)
 ParOldGen       total 207872K, used 197068K [0x00000000a0000000, 0x00000000acb00000, 0x00000000e0000000)
  object space 207872K, 94% used [0x00000000a0000000,0x00000000ac0733d8,0x00000000acb00000)
 Metaspace       used 70191K, capacity 72838K, committed 73136K, reserved 1112064K
  class space    used 9022K, capacity 9568K, committed 9648K, reserved 1048576K
}
Event: 457.707 GC heap before
{Heap before GC invocations=27 (full 5):
 PSYoungGen      total 446464K, used 52465K [0x00000000e0000000, 0x0000000100000000, 0x0000000100000000)
  eden space 381952K, 0% used [0x00000000e0000000,0x00000000e0000000,0x00000000f7500000)
  from space 64512K, 81% used [0x00000000fc100000,0x00000000ff43c7f0,0x0000000100000000)
  to   space 71168K, 0% used [0x00000000f7500000,0x00000000f7500000,0x00000000fba80000)
 ParOldGen       total 207872K, used 197068K [0x00000000a0000000, 0x00000000acb00000, 0x00000000e0000000)
  object space 207872K, 94% used [0x00000000a0000000,0x00000000ac0733d8,0x00000000acb00000)
 Metaspace       used 70191K, capacity 72838K, committed 73136K, reserved 1112064K
  class space    used 9022K, capacity 9568K, committed 9648K, reserved 1048576K

